<?xml version="1.0" encoding="UTF-8"?>
<testsuite xmlns:xsi="http://www.w3.org/2001/XMLSchema-instance" xsi:noNamespaceSchemaLocation="https://maven.apache.org/surefire/maven-surefire-plugin/xsd/surefire-test-report-3.0.xsd" version="3.0" name="com.harshit.transaction.api.AccountTransferRestControllerTest" time="7.977" tests="3" errors="0" skipped="0" failures="2">
  <properties>
[...]
</properties>
  <testcase name="pagedAccountsIncludesPageMetadata" classname="com.harshit.transaction.api.AccountTransferRestControllerTest" time="0.546">
    <failure message="Status expected:&lt;200&gt; but was:&lt;500&gt;" type="java.lang.AssertionError"><![CDATA[java.lang.AssertionError: Status expected:<200> but was:<500>
	at org.springframework.test.util.AssertionErrors.fail(AssertionErrors.java:59)
	at org.springframework.test.util.AssertionErrors.assertEquals(AssertionErrors.java:122)
	at org.springframework.test.web.servlet.result.StatusResultMatchers.lambda$matcher$9(StatusResultMatchers.java:637)
	at org.springframework.test.web.servlet.MockMvc$1.andExpect(MockMvc.java:214)
	at com.harshit.transaction.api.AccountTransferRestControllerTest.pagedAccountsIncludesPageMetadata(AccountTransferRestControllerTest.java:74)
	at java.base/java.lang.reflect.Method.invoke(Method.java:568)
	at java.base/java.util.ArrayList.forEach(ArrayList.java:1511)
	at java.base/java.util.ArrayList.forEach(ArrayList.java:1511)
]]></failure>
    <system-out><![CDATA[17:11:49.423 [main] INFO org.springframework.test.context.support.AnnotationConfigContextLoaderUtils -- Could not detect default configuration classes for test class [com.harshit.transaction.api.AccountTransferRestControllerTest]: AccountTransferRestControllerTest does not declare any static, non-private, non-final, nested classes annotated with @Configuration.
17:11:49.691 [main] INFO org.springframework.boot.test.context.SpringBootTestContextBootstrapper -- Found @SpringBootConfiguration com.harshit.transaction.TransactionInterviewApplication for test class com.harshit.transaction.api.AccountTransferRestControllerTest

  .   ____          _            __ _ _
 /\\ / ___'_ __ _ _(_)_ __  __ _ \ \ \ \
( ( )\___ | '_ | '_| | '_ \/ _` | \ \ \ \
 \\/  ___)| |_)| | | | | || (_| |  ) ) ) )
  '  |____| .__|_| |_|_| |_\__, | / / / /
 =========|_|==============|___/=/_/_/_/
 :: Spring Boot ::                (v3.2.5)

2026-04-26T17:11:50.488+05:30  INFO [spring-transaction-interview]  26480 --- [spring-transaction-interview] [           main] .h.t.a.AccountTransferRestControllerTest : Starting AccountTransferRestControllerTest using Java 17.0.12 with PID 26480 (started by harshraj in C:\Users\harshraj\OneDrive - AMDOCS\harshit pc\java code\com.harshit\spring-transaction-interview)
2026-04-26T17:11:50.490+05:30  INFO [spring-transaction-interview]  26480 --- [spring-transaction-interview] [           main] .h.t.a.AccountTransferRestControllerTest : No active profile set, falling back to 1 default profile: "default"
2026-04-26T17:11:56.025+05:30  INFO [spring-transaction-interview]  26480 --- [spring-transaction-interview] [           main] o.s.b.t.m.w.SpringBootMockServletContext : Initializing Spring TestDispatcherServlet ''
2026-04-26T17:11:56.026+05:30  INFO [spring-transaction-interview]  26480 --- [spring-transaction-interview] [           main] o.s.t.web.servlet.TestDispatcherServlet  : Initializing Servlet ''
2026-04-26T17:11:56.035+05:30  INFO [spring-transaction-interview]  26480 --- [spring-transaction-interview] [           main] o.s.t.web.servlet.TestDispatcherServlet  : Completed initialization in 7 ms
2026-04-26T17:11:56.093+05:30  INFO [spring-transaction-interview]  26480 --- [spring-transaction-interview] [           main] .h.t.a.AccountTransferRestControllerTest : Started AccountTransferRestControllerTest in 6.268 seconds (process running for 7.952)

MockHttpServletRequest:
      HTTP Method = GET
      Request URI = /api/v1/accounts/paged
       Parameters = {page=[0], size=[5]}
          Headers = [Accept:"application/json"]
             Body = null
    Session Attrs = {}

Handler:
             Type = com.harshit.transaction.api.AccountTransferRestController
           Method = com.harshit.transaction.api.AccountTransferRestController#listAccountsPaged(Pageable)

Async:
    Async started = false
     Async result = null

Resolved Exception:
             Type = java.lang.NullPointerException

ModelAndView:
        View name = null
             View = null
            Model = null

FlashMap:
       Attributes = null

MockHttpServletResponse:
           Status = 500
    Error message = null
          Headers = [X-Correlation-Id:"e7e6edcb-13cb-4857-baaf-1a868a9415aa", Content-Type:"application/problem+json"]
     Content type = application/problem+json
             Body = {"type":"about:blank","title":"Internal Server Error","status":500,"detail":"An unexpected error occurred","instance":"/api/v1/accounts/paged","type":"NullPointerException"}
    Forwarded URL = null
   Redirected URL = null
          Cookies = []
]]></system-out>
  </testcase>
  <testcase name="getAccountsReturnsJson" classname="com.harshit.transaction.api.AccountTransferRestControllerTest" time="0.052">
    <failure message="Status expected:&lt;200&gt; but was:&lt;500&gt;" type="java.lang.AssertionError"><![CDATA[java.lang.AssertionError: Status expected:<200> but was:<500>
	at org.springframework.test.util.AssertionErrors.fail(AssertionErrors.java:59)
	at org.springframework.test.util.AssertionErrors.assertEquals(AssertionErrors.java:122)
	at org.springframework.test.web.servlet.result.StatusResultMatchers.lambda$matcher$9(StatusResultMatchers.java:637)
	at org.springframework.test.web.servlet.MockMvc$1.andExpect(MockMvc.java:214)
	at com.harshit.transaction.api.AccountTransferRestControllerTest.getAccountsReturnsJson(AccountTransferRestControllerTest.java:52)
	at java.base/java.lang.reflect.Method.invoke(Method.java:568)
	at java.base/java.util.ArrayList.forEach(ArrayList.java:1511)
	at java.base/java.util.ArrayList.forEach(ArrayList.java:1511)
]]></failure>
    <system-out><![CDATA[
MockHttpServletRequest:
      HTTP Method = GET
      Request URI = /api/v1/accounts
       Parameters = {}
          Headers = [Accept:"application/json"]
             Body = null
    Session Attrs = {}

Handler:
             Type = com.harshit.transaction.api.AccountTransferRestController
           Method = com.harshit.transaction.api.AccountTransferRestController#listAccounts()

Async:
    Async started = false
     Async result = null

Resolved Exception:
             Type = java.lang.NullPointerException

ModelAndView:
        View name = null
             View = null
            Model = null

FlashMap:
       Attributes = null

MockHttpServletResponse:
           Status = 500
    Error message = null
          Headers = [X-Correlation-Id:"d090c133-2502-4648-8b4f-e042c19d0f95", Content-Type:"application/problem+json"]
     Content type = application/problem+json
             Body = {"type":"about:blank","title":"Internal Server Error","status":500,"detail":"An unexpected error occurred","instance":"/api/v1/accounts","type":"NullPointerException"}
    Forwarded URL = null
   Redirected URL = null
          Cookies = []
]]></system-out>
  </testcase>
  <testcase name="postTransferCallsService" classname="com.harshit.transaction.api.AccountTransferRestControllerTest" time="0.321"/>
</testsuite>